0 info it worked if it ends with ok
1 verbose cli [ '/home/goodwid/.node/bin/node',
1 verbose cli   '/home/goodwid/.node/bin/npm',
1 verbose cli   'start' ]
2 info using npm@3.10.8
3 info using node@v6.9.1
4 verbose run-script [ 'prestart', 'start', 'poststart' ]
5 info lifecycle fireplace-control@0.0.1~prestart: fireplace-control@0.0.1
6 silly lifecycle fireplace-control@0.0.1~prestart: no script for prestart, continuing
7 info lifecycle fireplace-control@0.0.1~start: fireplace-control@0.0.1
8 verbose lifecycle fireplace-control@0.0.1~start: unsafe-perm in lifecycle true
9 verbose lifecycle fireplace-control@0.0.1~start: PATH: /home/goodwid/.node/lib/node_modules/npm/bin/node-gyp-bin:/home/goodwid/Documents/fireplace-control/node_modules/.bin:/home/goodwid/.node/bin:/home/goodwid/bin:/home/goodwid/script:/etc:/bin:/usr/bin:/usr/local/bin:/usr/local/script:/usr/bin/mh:/usr/lib/mh:/usr/games:/usr/X11/bin:/usr/local/bin/X11:/usr/X11R6/bin:/home/goodwid/swift-3.0-RELEASE-ubuntu15.10/usr/bin:/usr/local/etc:/sbin:/usr/sbin:/usr/local/sbin:
10 verbose lifecycle fireplace-control@0.0.1~start: CWD: /home/goodwid/Documents/fireplace-control
11 silly lifecycle fireplace-control@0.0.1~start: Args: [ '-c', 'nodemon index.js' ]
12 silly lifecycle fireplace-control@0.0.1~start: Returned: code: 1  signal: null
13 info lifecycle fireplace-control@0.0.1~start: Failed to exec start script
14 verbose stack Error: fireplace-control@0.0.1 start: `nodemon index.js`
14 verbose stack Exit status 1
14 verbose stack     at EventEmitter.<anonymous> (/home/goodwid/.node/lib/node_modules/npm/lib/utils/lifecycle.js:255:16)
14 verbose stack     at emitTwo (events.js:106:13)
14 verbose stack     at EventEmitter.emit (events.js:191:7)
14 verbose stack     at ChildProcess.<anonymous> (/home/goodwid/.node/lib/node_modules/npm/lib/utils/spawn.js:40:14)
14 verbose stack     at emitTwo (events.js:106:13)
14 verbose stack     at ChildProcess.emit (events.js:191:7)
14 verbose stack     at maybeClose (internal/child_process.js:877:16)
14 verbose stack     at Process.ChildProcess._handle.onexit (internal/child_process.js:226:5)
15 verbose pkgid fireplace-control@0.0.1
16 verbose cwd /home/goodwid/Documents/fireplace-control
17 error Linux 4.4.0-47-generic
18 error argv "/home/goodwid/.node/bin/node" "/home/goodwid/.node/bin/npm" "start"
19 error node v6.9.1
20 error npm  v3.10.8
21 error code ELIFECYCLE
22 error fireplace-control@0.0.1 start: `nodemon index.js`
22 error Exit status 1
23 error Failed at the fireplace-control@0.0.1 start script 'nodemon index.js'.
23 error Make sure you have the latest version of node.js and npm installed.
23 error If you do, this is most likely a problem with the fireplace-control package,
23 error not with npm itself.
23 error Tell the author that this fails on your system:
23 error     nodemon index.js
23 error You can get information on how to open an issue for this project with:
23 error     npm bugs fireplace-control
23 error Or if that isn't available, you can get their info via:
23 error     npm owner ls fireplace-control
23 error There is likely additional logging output above.
24 verbose exit [ 1, true ]
